<?xml version="1.0" encoding="utf-8"?><testsuites name="pytest tests"><testsuite name="pytest" errors="0" failures="0" skipped="0" tests="18" time="7.407" timestamp="2026-03-27T18:56:15.881266+00:00" hostname="agent-env-f6432836-1873-4f95-b343-4b819e3dc200"><testcase classname="tests.test_nfce_api.TestAuth" name="test_login_success" time="0.504" /><testcase classname="tests.test_nfce_api.TestNFCeConfiguracao" name="test_configuracao_returns_200" time="0.578" /><testcase classname="tests.test_nfce_api.TestNFCeConfiguracao" name="test_configuracao_has_certificado" time="0.207" /><testcase classname="tests.test_nfce_api.TestNFCeConfiguracao" name="test_configuracao_has_ambiente" time="0.166" /><testcase classname="tests.test_nfce_api.TestNFCeConfiguracao" name="test_configuracao_requires_auth" time="0.150" /><testcase classname="tests.test_nfce_api.TestNFCeStatusSefaz" name="test_status_sefaz_returns_200" time="1.464" /><testcase classname="tests.test_nfce_api.TestNFCeStatusSefaz" name="test_status_sefaz_has_online_field" time="0.941" /><testcase classname="tests.test_nfce_api.TestNFCeStatusSefaz" name="test_status_sefaz_has_codigo" time="1.083" /><testcase classname="tests.test_nfce_api.TestNFCeStatusSefaz" name="test_status_sefaz_requires_auth" time="0.143" /><testcase classname="tests.test_nfce_api.TestNFCeEmitir" name="test_emitir_nfce_success" time="0.453" /><testcase classname="tests.test_nfce_api.TestNFCeEmitir" name="test_emitir_nfce_with_cliente" time="0.109" /><testcase classname="tests.test_nfce_api.TestNFCeEmitir" name="test_emitir_nfce_requires_auth" time="0.103" /><testcase classname="tests.test_nfce_api.TestNFCeHistorico" name="test_historico_returns_200" time="0.440" /><testcase classname="tests.test_nfce_api.TestNFCeHistorico" name="test_historico_has_items_and_total" time="0.133" /><testcase classname="tests.test_nfce_api.TestNFCeHistorico" name="test_historico_with_pagination" time="0.169" /><testcase classname="tests.test_nfce_api.TestNFCeHistorico" name="test_historico_requires_auth" time="0.108" /><testcase classname="tests.test_nfce_api.TestVendasWithNFCe" name="test_listar_vendas" time="0.467" /><testcase classname="tests.test_nfce_api.TestVendasWithNFCe" name="test_venda_has_nfce_fields" time="0.106" /></testsuite></testsuites>