<?xml version="1.0" encoding="utf-8"?><testsuites name="pytest tests"><testsuite name="pytest" errors="0" failures="0" skipped="0" tests="17" time="8.083" timestamp="2026-03-29T19:34:52.459245+00:00" hostname="agent-env-f6432836-1873-4f95-b343-4b819e3dc200"><testcase classname="tests.test_configuracoes_api.TestAuth" name="test_login_admin_success" time="0.352" /><testcase classname="tests.test_configuracoes_api.TestAuth" name="test_login_invalid_credentials" time="0.103" /><testcase classname="tests.test_configuracoes_api.TestUsuariosAPI" name="test_listar_usuarios" time="0.447" /><testcase classname="tests.test_configuracoes_api.TestUsuariosAPI" name="test_criar_usuario_vendedor" time="0.576" /><testcase classname="tests.test_configuracoes_api.TestUsuariosAPI" name="test_criar_usuario_producao" time="0.463" /><testcase classname="tests.test_configuracoes_api.TestUsuariosAPI" name="test_criar_usuario_email_duplicado" time="0.105" /><testcase classname="tests.test_configuracoes_api.TestUsuariosAPI" name="test_atualizar_usuario" time="0.678" /><testcase classname="tests.test_configuracoes_api.TestUsuariosAPI" name="test_deletar_usuario" time="0.601" /><testcase classname="tests.test_configuracoes_api.TestUsuariosAPI" name="test_admin_cannot_delete_self" time="0.453" /><testcase classname="tests.test_configuracoes_api.TestUsuariosAPI" name="test_unauthorized_access" time="0.106" /><testcase classname="tests.test_configuracoes_api.TestEmpresaAPI" name="test_obter_empresa" time="0.438" /><testcase classname="tests.test_configuracoes_api.TestEmpresaAPI" name="test_atualizar_empresa" time="0.440" /><testcase classname="tests.test_configuracoes_api.TestLogoAPI" name="test_upload_logo" time="0.580" /><testcase classname="tests.test_configuracoes_api.TestLogoAPI" name="test_remover_logo" time="0.274" /><testcase classname="tests.test_configuracoes_api.TestLogoAPI" name="test_upload_invalid_file_type" time="0.106" /><testcase classname="tests.test_configuracoes_api.TestRBACAccess" name="test_vendedor_cannot_access_usuarios" time="1.225" /><testcase classname="tests.test_configuracoes_api.TestRBACAccess" name="test_vendedor_can_access_empresa" time="1.068" /></testsuite></testsuites>