<?xml version="1.0" encoding="utf-8"?><testsuites name="pytest tests"><testsuite name="pytest" errors="0" failures="0" skipped="0" tests="10" time="2.689" timestamp="2026-03-30T14:45:27.546582+00:00" hostname="agent-env-f6432836-1873-4f95-b343-4b819e3dc200"><testcase classname="tests.test_venda_mista_api.TestAuth" name="test_login_success" time="0.353" /><testcase classname="tests.test_venda_mista_api.TestVendaMista" name="test_criar_venda_direta_apenas_imediata" time="0.750" /><testcase classname="tests.test_venda_mista_api.TestVendaMista" name="test_criar_venda_mista_com_itens_a_produzir" time="0.124" /><testcase classname="tests.test_venda_mista_api.TestVendaMista" name="test_criar_venda_mista_com_sabores" time="0.127" /><testcase classname="tests.test_venda_mista_api.TestVendaMista" name="test_listar_vendas_com_indicador_producao" time="0.105" /><testcase classname="tests.test_venda_mista_api.TestVendaMista" name="test_verificar_movimentacao_estoque_apenas_imediata" time="0.427" /><testcase classname="tests.test_venda_mista_api.TestPedidoAutomaticoVendaMista" name="test_pedido_criado_automaticamente_para_itens_a_produzir" time="0.229" /><testcase classname="tests.test_venda_mista_api.TestPedidoAutomaticoVendaMista" name="test_criar_pedido_vinculado_a_venda" time="0.233" /><testcase classname="tests.test_venda_mista_api.TestVendaMistaValidation" name="test_venda_direta_sem_cliente_falha" time="0.105" /><testcase classname="tests.test_venda_mista_api.TestVendaMistaValidation" name="test_venda_direta_sem_items_falha" time="0.148" /></testsuite></testsuites>